Special Function 1: a list of the special functions
---------------------------------------------------

f 1 - list        : Description of all special function routines
f 2 - shif[t]     : SHIFTS data left or right a numberof channels (f,e)
f 3 - sequ        : SETS UP SEQUENTIAL PROCESSING for the user
f 4 - exse[qu]    : executes SEQUENTIAL PROCESSING set up by f3. No user access.
f 5 - cont[rem]   : CONTINUUM REMOVAL (use also f12)
f 6 - plan[ck]    : computes PLANCK BLACK BODY function
f 7 - smoo[th]    : SMOOTHING function  (f,e)
f 8 - tran[spose] : channel-file TRANSPOSE
f 9 - band[rem]   : BAND REMOVAL (reflection method)
f10 - sort        : SORTs channels into increasing wavelength order (f,e)
f11 - luna[rtherm]: Lunar THERMAL REMOVAL (f,e)
f12 - cspl[in]    : CUBIC SPLINE interpolation to new wavelength set,  (f,e)
f13 - merg[e]     : MERGes 2 files (f,e)
f14 - edit        : EDITs file and errors (f,e)
f15 - gaus[sfmt]  : FORMATS Gaussian parameter file (f)
 Press return to CONTINUE, e or x to EXIT
  
f16 - line[gen]   : user LINE SEGMENT GENERATOR
f17 - conv[olv]   : high to low resolution SPECTRAL CONVOLUTION (f).
f18 - bloc[kav]   : BLOCK AVERAGES and Statistics (f,e).
f19 - poly[fit]   : POLYNOMIAL FIT routine (f,e)
f20 - read        : READ/WRITE data from/to a TEXT file
f21 - calc[poly]  : Calculate N term POLYNOMIAL (f)
f22 - digi[tize]  : DIGITIZATION tablet input routine
f23 - pars[e]     : MATH PARSER
f24 - star[moontherm] : star/moon-spot reflectance THERMAL REMOVAL (f,e)
f25 - twoc[omlsq] : Two-Component LEAST SQUARE ANALYSIS (f); WARNING: not debugged
f26 - not available yet
f27 - not available yet
f28 - not available yet
f29 - not available yet
 Press return to CONTINUE,  e or x to EXIT, or  r  to RETURN to first page
  
f30 - not available yet
f31 - not available yet
f32 - not available yet
f33 - not available yet
f34 - not available yet
f35 - not available yet
f36 - not available yet
f37 - not available yet
f38 - not available yet
f39 - not available yet
 Press return to CONTINUE,  e or x to EXIT, or  r  to RETURN to first page
  
 Functions 40-59 developed by USGS, Denver
 -----------------------------------------
f40 - leastsq     : compute LEAST SQUARES between two spectra (f) under devlp.
f41 - bin         : BINNING routine (f) under development
f42 - bandmap     : Map band depths and fit from a reference
                        spectrum (f) (under development)
f43 - fft         : FFT and Inverse FFT
f44 - suh         : Segmented Upper Hull automatic CONTINUUM ANALYSIS (f,e)
f45 - aba         : Automatic BAND ANALYSIS (f,e)
f46 - abaout	  : Band Analysis output to a binary FILE (f)
f47 - abaspecrec  : Band Analysis SPECTRUM RECREATION (f)
f48 - hpdigit     : DIGITIZATION from an HP Terminal/Tablet
f49 - lininterp   : Linear interpolation (f,e)
 Press return to CONTINUE,  e or x to EXIT, or  r  to RETURN to first page
  
 Functions 40-59 developed by USGS, Denver
 -----------------------------------------
f50 -             : wavelength registration
